Using pre-set license
Built from '2020.3/staging' branch; Version is '2020.3.30f1 (1fb1bf06830e) revision 2077119'; Using compiler version '192528614'; Build Type 'Release'
OS: 'Windows 10  (10.0.19044) 64bit Core' Language: 'ru' Physical Memory: 16185 MB
BatchMode: 1, IsHumanControllingUs: 0, StartBugReporterOnCrash: 0, Is64bit: 1, IsPro: 0

COMMAND LINE ARGUMENTS:
C:\My_Files\Unity\2020.3.30f1\Editor\Unity.exe
-adb2
-batchMode
-noUpm
-name
AssetImportWorker0
-projectPath
C:/Users/Piglet_PC/Fish_pro/PillarMenPrototype
-logFile
Logs/AssetImportWorker0.log
-srvPort
51752
Successfully changed project path to: C:/Users/Piglet_PC/Fish_pro/PillarMenPrototype
C:/Users/Piglet_PC/Fish_pro/PillarMenPrototype
Using Asset Import Pipeline V2.
Refreshing native plugins compatible for Editor in 61.50 ms, found 2 plugins.
Preloading 0 native plugins for Editor in 0.00 ms.
Initialize engine version: 2020.3.30f1 (1fb1bf06830e)
[Subsystems] Discovering subsystems at path C:/My_Files/Unity/2020.3.30f1/Editor/Data/Resources/UnitySubsystems
[Subsystems] Discovering subsystems at path C:/Users/Piglet_PC/Fish_pro/PillarMenPrototype/Assets
GfxDevice: creating device client; threaded=0
Direct3D:
    Version:  Direct3D 11.0 [level 11.1]
    Renderer: NVIDIA GeForce GTX 1660 Ti with Max-Q Design (ID=0x2191)
    Vendor:   
    VRAM:     5991 MB
    Driver:   30.0.14.9733
Initialize mono
Mono path[0] = 'C:/My_Files/Unity/2020.3.30f1/Editor/Data/Managed'
Mono path[1] = 'C:/My_Files/Unity/2020.3.30f1/Editor/Data/MonoBleedingEdge/lib/mono/unityjit'
Mono config path = 'C:/My_Files/Unity/2020.3.30f1/Editor/Data/MonoBleedingEdge/etc'
Using monoOptions --debugger-agent=transport=dt_socket,embedding=1,server=y,suspend=n,address=127.0.0.1:56872
Begin MonoManager ReloadAssembly
Registering precompiled unity dll's ...
Register platform support module: C:/My_Files/Unity/2020.3.30f1/Editor/Data/PlaybackEngines/WindowsStandaloneSupport/UnityEditor.WindowsStandalone.Extensions.dll
Registered in 0.001800 seconds.
Native extension for WindowsStandalone target not found
Refreshing native plugins compatible for Editor in 51.10 ms, found 2 plugins.
Preloading 0 native plugins for Editor in 0.00 ms.
Mono: successfully reloaded assembly
- Completed reload, in  0.549 seconds
Domain Reload Profiling:
	ReloadAssembly (550ms)
		BeginReloadAssembly (59ms)
			ExecutionOrderSort (0ms)
			DisableScriptedObjects (0ms)
			BackupInstance (0ms)
			ReleaseScriptingObjects (0ms)
			CreateAndSetChildDomain (1ms)
		EndReloadAssembly (428ms)
			LoadAssemblies (57ms)
			RebuildTransferFunctionScriptingTraits (0ms)
			SetupTypeCache (132ms)
			ReleaseScriptCaches (0ms)
			RebuildScriptCaches (30ms)
			SetupLoadedEditorAssemblies (173ms)
				LogAssemblyErrors (0ms)
				InitializePlatformSupportModulesInManaged (4ms)
				SetLoadedEditorAssemblies (0ms)
				RefreshPlugins (51ms)
				BeforeProcessingInitializeOnLoad (16ms)
				ProcessInitializeOnLoadAttributes (77ms)
				ProcessInitializeOnLoadMethodAttributes (25ms)
				AfterProcessingInitializeOnLoad (0ms)
				EditorAssembliesLoaded (0ms)
			ExecutionOrderSort2 (0ms)
			AwakeInstancesAfterBackupRestoration (0ms)
Platform modules already initialized, skipping
Registering precompiled user dll's ...
Registered in 0.003212 seconds.
Begin MonoManager ReloadAssembly
Native extension for WindowsStandalone target not found
Refreshing native plugins compatible for Editor in 49.40 ms, found 2 plugins.
Preloading 0 native plugins for Editor in 0.00 ms.
Mono: successfully reloaded assembly
- Completed reload, in  1.081 seconds
Domain Reload Profiling:
	ReloadAssembly (1081ms)
		BeginReloadAssembly (135ms)
			ExecutionOrderSort (0ms)
			DisableScriptedObjects (5ms)
			BackupInstance (0ms)
			ReleaseScriptingObjects (0ms)
			CreateAndSetChildDomain (16ms)
		EndReloadAssembly (893ms)
			LoadAssemblies (87ms)
			RebuildTransferFunctionScriptingTraits (0ms)
			SetupTypeCache (277ms)
			ReleaseScriptCaches (0ms)
			RebuildScriptCaches (51ms)
			SetupLoadedEditorAssemblies (377ms)
				LogAssemblyErrors (0ms)
				InitializePlatformSupportModulesInManaged (3ms)
				SetLoadedEditorAssemblies (0ms)
				RefreshPlugins (49ms)
				BeforeProcessingInitializeOnLoad (86ms)
				ProcessInitializeOnLoadAttributes (224ms)
				ProcessInitializeOnLoadMethodAttributes (9ms)
				AfterProcessingInitializeOnLoad (5ms)
				EditorAssembliesLoaded (0ms)
			ExecutionOrderSort2 (0ms)
			AwakeInstancesAfterBackupRestoration (6ms)
Platform modules already initialized, skipping
========================================================================
Worker process is ready to serve import requests
Launched and connected shader compiler UnityShaderCompiler.exe after 0.04 seconds
Refreshing native plugins compatible for Editor in 0.48 ms, found 2 plugins.
Preloading 0 native plugins for Editor in 0.00 ms.
Unloading 3153 Unused Serialized files (Serialized files now loaded: 0)
System memory in use before: 137.8 MB.
System memory in use after: 138.0 MB.

Unloading 20 unused Assets to reduce memory usage. Loaded Objects now: 3595.
Total: 2.978800 ms (FindLiveObjects: 0.212000 ms CreateObjectMapping: 0.126200 ms MarkObjects: 2.582400 ms  DeleteObjects: 0.057700 ms)

AssetImportParameters requested are different than current active one (requested -> active):
  custom:framework-win-MediaFoundation: 216162199b28c13a410421893ffa2e32 -> 
  custom:video-decoder-ogg-theora: a1e56fd34408186e4bbccfd4996cb3dc -> 
  custom:container-muxer-webm: aa71ff27fc2769a1b78a27578f13a17b -> 
  custom:container-demuxer-webm: 4f35f7cbe854078d1ac9338744f61a02 -> 
  custom:container-demuxer-ogg: 62fdf1f143b41e24485cea50d1cbac27 -> 
  custom:video-encoder-webm-vp8: eb34c28f22e8b96e1ab97ce403110664 -> 
  custom:video-decoder-webm-vp8: 9c59270c3fd7afecdb556c50c9e8de78 -> 
  custom:audio-decoder-ogg-vorbis: bf7c407c2cedff20999df2af8eb42d56 -> 
  custom:audio-encoder-webm-vorbis: bf7c407c2cedff20999df2af8eb42d56 -> 
========================================================================
Received Import Request.
  path: Assets/PolygonStarter/Models/SM_Generic_TreeStump_01.fbx
  artifactKey: Guid(a64981f2d6b07c146ace71b6804c1339) Importer(815301076,1909f56bfc062723c751e8b465ee728b)
Start importing Assets/PolygonStarter/Models/SM_Generic_TreeStump_01.fbx using Guid(a64981f2d6b07c146ace71b6804c1339) Importer(815301076,1909f56bfc062723c751e8b465ee728b)  -> (artifact id: 'f1533cc8e7207d10325ba495612ec67f') in 0.257363 seconds 
========================================================================
Received Import Request.
  Time since last request: 0.000198 seconds.
  path: Assets/PolygonStarter/Models/SM_PolygonCity_Veh_Car_Small_01.fbx
  artifactKey: Guid(3555aa14b7768e148a5d219046a2dc64) Importer(815301076,1909f56bfc062723c751e8b465ee728b)
Start importing Assets/PolygonStarter/Models/SM_PolygonCity_Veh_Car_Small_01.fbx using Guid(3555aa14b7768e148a5d219046a2dc64) Importer(815301076,1909f56bfc062723c751e8b465ee728b)  -> (artifact id: '28ed727d81fa27b56335872decd07e42') in 0.071951 seconds 
========================================================================
Received Import Request.
  Time since last request: 0.000226 seconds.
  path: Assets/PolygonStarter/Models/SM_Bean_Female_01.fbx
  artifactKey: Guid(a668c639af8f6754dbfcfbbb9ae0471d) Importer(815301076,1909f56bfc062723c751e8b465ee728b)
Start importing Assets/PolygonStarter/Models/SM_Bean_Female_01.fbx using Guid(a668c639af8f6754dbfcfbbb9ae0471d) Importer(815301076,1909f56bfc062723c751e8b465ee728b)  -> (artifact id: 'a1e595bcb022915df18f796c101cdd6b') in 0.015475 seconds 
========================================================================
Received Import Request.
  Time since last request: 0.000256 seconds.
  path: Assets/PolygonStarter/Models/SM_PolygonPrototype_Primitive_Sphere_01P.fbx
  artifactKey: Guid(d5e83122f8e5b6d4cae918de4ade20ed) Importer(815301076,1909f56bfc062723c751e8b465ee728b)
Start importing Assets/PolygonStarter/Models/SM_PolygonPrototype_Primitive_Sphere_01P.fbx using Guid(d5e83122f8e5b6d4cae918de4ade20ed) Importer(815301076,1909f56bfc062723c751e8b465ee728b)  -> (artifact id: 'aca2191bd79281a96de29c8b25dcfcef') in 0.015253 seconds 
========================================================================
Received Import Request.
  Time since last request: 0.000267 seconds.
  path: Assets/PolygonStarter/Models/SM_Generic_Ground_Flat_01.fbx
  artifactKey: Guid(508d8b94335d22a4f876f140c7c5540a) Importer(815301076,1909f56bfc062723c751e8b465ee728b)
Start importing Assets/PolygonStarter/Models/SM_Generic_Ground_Flat_01.fbx using Guid(508d8b94335d22a4f876f140c7c5540a) Importer(815301076,1909f56bfc062723c751e8b465ee728b)  -> (artifact id: '0752abea10743c6de3a0f271b1717e30') in 0.015417 seconds 
========================================================================
Received Import Request.
  Time since last request: 0.000277 seconds.
  path: Assets/PolygonStarter/Models/SM_Generic_Mountains_Soft_01.fbx
  artifactKey: Guid(5b6bb883199850f4ea31ea5bd06aaf03) Importer(815301076,1909f56bfc062723c751e8b465ee728b)
Start importing Assets/PolygonStarter/Models/SM_Generic_Mountains_Soft_01.fbx using Guid(5b6bb883199850f4ea31ea5bd06aaf03) Importer(815301076,1909f56bfc062723c751e8b465ee728b)  -> (artifact id: '695866fbb4c6d5c96f9b48d8e277c740') in 0.018719 seconds 
========================================================================
Received Import Request.
  Time since last request: 0.000253 seconds.
  path: Assets/PolygonStarter/Models/SM_Generic_Tree_01.fbx
  artifactKey: Guid(eafcccb3a6a70464caf8371e0f6153df) Importer(815301076,1909f56bfc062723c751e8b465ee728b)
Start importing Assets/PolygonStarter/Models/SM_Generic_Tree_01.fbx using Guid(eafcccb3a6a70464caf8371e0f6153df) Importer(815301076,1909f56bfc062723c751e8b465ee728b)  -> (artifact id: 'da88e117a7e57e880a16a35e6c2eaec0') in 0.015662 seconds 
========================================================================
Received Import Request.
  Time since last request: 0.000241 seconds.
  path: Assets/PolygonStarter/Models/SM_PolygonPrototype_Buildings_Ramp_25_1x1_01P.fbx
  artifactKey: Guid(61fb2dc939f73bf4882dd937f15fd0c1) Importer(815301076,1909f56bfc062723c751e8b465ee728b)
Start importing Assets/PolygonStarter/Models/SM_PolygonPrototype_Buildings_Ramp_25_1x1_01P.fbx using Guid(61fb2dc939f73bf4882dd937f15fd0c1) Importer(815301076,1909f56bfc062723c751e8b465ee728b)  -> (artifact id: 'befb5a99fbf11ac22d08c838120d6873') in 0.016957 seconds 
========================================================================
Received Import Request.
  Time since last request: 0.000224 seconds.
  path: Assets/PolygonStarter/Models/SM_PolygonPrototype_Primitive_Tube_01P.fbx
  artifactKey: Guid(d87ac280bde89b843b6fb7284ab0fed0) Importer(815301076,1909f56bfc062723c751e8b465ee728b)
Start importing Assets/PolygonStarter/Models/SM_PolygonPrototype_Primitive_Tube_01P.fbx using Guid(d87ac280bde89b843b6fb7284ab0fed0) Importer(815301076,1909f56bfc062723c751e8b465ee728b)  -> (artifact id: '88f802198701e1ebdf6b75d10118ac11') in 0.016588 seconds 
========================================================================
Received Import Request.
  Time since last request: 0.000259 seconds.
  path: Assets/PolygonStarter/Models/SM_Generic_Small_Rocks_01.fbx
  artifactKey: Guid(03d86e12787766148b2a251a345936f7) Importer(815301076,1909f56bfc062723c751e8b465ee728b)
Start importing Assets/PolygonStarter/Models/SM_Generic_Small_Rocks_01.fbx using Guid(03d86e12787766148b2a251a345936f7) Importer(815301076,1909f56bfc062723c751e8b465ee728b)  -> (artifact id: 'addaf5efb660fc88577e39997b727989') in 0.015397 seconds 
========================================================================
Received Import Request.
  Time since last request: 0.000203 seconds.
  path: Assets/PolygonStarter/Models/SM_Generic_Small_Rocks_04.fbx
  artifactKey: Guid(17bdf3df78c8f714e961cd4ba26d5685) Importer(815301076,1909f56bfc062723c751e8b465ee728b)
Start importing Assets/PolygonStarter/Models/SM_Generic_Small_Rocks_04.fbx using Guid(17bdf3df78c8f714e961cd4ba26d5685) Importer(815301076,1909f56bfc062723c751e8b465ee728b)  -> (artifact id: '95bdb80e69b9ad8c3190b2f042c6ed5f') in 0.015761 seconds 
========================================================================
Received Import Request.
  Time since last request: 0.000212 seconds.
  path: Assets/PolygonStarter/Models/SM_PolygonPrototype_Prop_Cone_01.fbx
  artifactKey: Guid(10f4e51254da985418a112d2dfe124f0) Importer(815301076,1909f56bfc062723c751e8b465ee728b)
Start importing Assets/PolygonStarter/Models/SM_PolygonPrototype_Prop_Cone_01.fbx using Guid(10f4e51254da985418a112d2dfe124f0) Importer(815301076,1909f56bfc062723c751e8b465ee728b)  -> (artifact id: 'c609928bcbd509118e15c5fe78dc043e') in 0.015636 seconds 
========================================================================
Received Import Request.
  Time since last request: 0.000233 seconds.
  path: Assets/PolygonStarter/Models/SM_PolygonPrototype_Buildings_Floor_5x5_01P.fbx
  artifactKey: Guid(08b90f6a0b333ce47b856ad0651fdde4) Importer(815301076,1909f56bfc062723c751e8b465ee728b)
Start importing Assets/PolygonStarter/Models/SM_PolygonPrototype_Buildings_Floor_5x5_01P.fbx using Guid(08b90f6a0b333ce47b856ad0651fdde4) Importer(815301076,1909f56bfc062723c751e8b465ee728b)  -> (artifact id: '603fc64cb81db1cfecdcacd1e1105cd1') in 0.014464 seconds 
========================================================================
Received Import Request.
  Time since last request: 0.000294 seconds.
  path: Assets/PolygonStarter/Models/SM_Bean_Town_Female_01.fbx
  artifactKey: Guid(f7e1d82bf18845c41bfe76f17769ef20) Importer(815301076,1909f56bfc062723c751e8b465ee728b)
Start importing Assets/PolygonStarter/Models/SM_Bean_Town_Female_01.fbx using Guid(f7e1d82bf18845c41bfe76f17769ef20) Importer(815301076,1909f56bfc062723c751e8b465ee728b)  -> (artifact id: '959a1e68bbed063762b33bf50f61f1f6') in 0.014780 seconds 
========================================================================
Received Import Request.
  Time since last request: 0.000203 seconds.
  path: Assets/PolygonStarter/Models/SM_Generic_Tree_03.fbx
  artifactKey: Guid(f83ed2876384d1f4cb9b147d9bd0fd4b) Importer(815301076,1909f56bfc062723c751e8b465ee728b)
Start importing Assets/PolygonStarter/Models/SM_Generic_Tree_03.fbx using Guid(f83ed2876384d1f4cb9b147d9bd0fd4b) Importer(815301076,1909f56bfc062723c751e8b465ee728b)  -> (artifact id: 'de5a42d5d26392de506a9bb5937bdc5d') in 0.015482 seconds 
========================================================================
Received Import Request.
  Time since last request: 0.000237 seconds.
  path: Assets/PolygonStarter/Models/SM_PolygonPrototype_Prop_Crate_03.fbx
  artifactKey: Guid(8dca5595cdaced544b3bca78ca84e8d8) Importer(815301076,1909f56bfc062723c751e8b465ee728b)
Start importing Assets/PolygonStarter/Models/SM_PolygonPrototype_Prop_Crate_03.fbx using Guid(8dca5595cdaced544b3bca78ca84e8d8) Importer(815301076,1909f56bfc062723c751e8b465ee728b)  -> (artifact id: 'f89cb1828a0b7be52f696bddd458f995') in 0.015370 seconds 
========================================================================
Received Import Request.
  Time since last request: 0.000269 seconds.
  path: Assets/PolygonStarter/Models/SM_Generic_Ground_01.fbx
  artifactKey: Guid(b74644f508e4826458cf428b1206664e) Importer(815301076,1909f56bfc062723c751e8b465ee728b)
Start importing Assets/PolygonStarter/Models/SM_Generic_Ground_01.fbx using Guid(b74644f508e4826458cf428b1206664e) Importer(815301076,1909f56bfc062723c751e8b465ee728b)  -> (artifact id: 'f3e9a99f9108d198975e704687cc1353') in 0.016258 seconds 
========================================================================
Received Import Request.
  Time since last request: 0.000253 seconds.
  path: Assets/PolygonStarter/Models/SM_Generic_Mountains_Grass_02.fbx
  artifactKey: Guid(f76ba9d22b6776e43b0208e873d28605) Importer(815301076,1909f56bfc062723c751e8b465ee728b)
Start importing Assets/PolygonStarter/Models/SM_Generic_Mountains_Grass_02.fbx using Guid(f76ba9d22b6776e43b0208e873d28605) Importer(815301076,1909f56bfc062723c751e8b465ee728b)  -> (artifact id: 'ef1f054df64c1cd0a267e47c095b046b') in 0.014842 seconds 
========================================================================
Received Import Request.
  Time since last request: 0.000203 seconds.
  path: Assets/PolygonStarter/Models/Characters.fbx
  artifactKey: Guid(2dc7b382d25903545b405802eb2198ab) Importer(815301076,1909f56bfc062723c751e8b465ee728b)
Start importing Assets/PolygonStarter/Models/Characters.fbx using Guid(2dc7b382d25903545b405802eb2198ab) Importer(815301076,1909f56bfc062723c751e8b465ee728b)  -> (artifact id: '5977242865795d85b6958b59b3c7116c') in 0.057066 seconds 
========================================================================
Received Import Request.
  Time since last request: 0.000169 seconds.
  path: Assets/PolygonStarter/Models/SM_PolygonPrototype_Icon_Letter_Question_01.fbx
  artifactKey: Guid(d3451d4509d73de44aa114b52f182239) Importer(815301076,1909f56bfc062723c751e8b465ee728b)
Start importing Assets/PolygonStarter/Models/SM_PolygonPrototype_Icon_Letter_Question_01.fbx using Guid(d3451d4509d73de44aa114b52f182239) Importer(815301076,1909f56bfc062723c751e8b465ee728b)  -> (artifact id: 'cf640087d15f09ead3315a75c43816ca') in 0.015208 seconds 
========================================================================
Received Import Request.
  Time since last request: 0.000224 seconds.
  path: Assets/PolygonStarter/Models/SM_PolygonPrototype_Primitive_Cylander_01P.fbx
  artifactKey: Guid(5cbb72520f7443f49b700d24eeec82e9) Importer(815301076,1909f56bfc062723c751e8b465ee728b)
Start importing Assets/PolygonStarter/Models/SM_PolygonPrototype_Primitive_Cylander_01P.fbx using Guid(5cbb72520f7443f49b700d24eeec82e9) Importer(815301076,1909f56bfc062723c751e8b465ee728b)  -> (artifact id: 'fb26cf60be73b0e4f62153184ccf1405') in 0.015800 seconds 
========================================================================
Received Import Request.
  Time since last request: 0.000236 seconds.
  path: Assets/PolygonStarter/Models/SM_PolygonPrototype_Prop_Ladder_1x2_01P.fbx
  artifactKey: Guid(e9671205b5c307944a4c1715dbd3cf31) Importer(815301076,1909f56bfc062723c751e8b465ee728b)
Start importing Assets/PolygonStarter/Models/SM_PolygonPrototype_Prop_Ladder_1x2_01P.fbx using Guid(e9671205b5c307944a4c1715dbd3cf31) Importer(815301076,1909f56bfc062723c751e8b465ee728b)  -> (artifact id: 'dfe42432d23cc1e575ad22ec0eabb66c') in 0.014297 seconds 
========================================================================
Received Import Request.
  Time since last request: 0.000217 seconds.
  path: Assets/PolygonStarter/Models/SM_Bean_Cowboy_01.fbx
  artifactKey: Guid(477c3a0d92aa1424db2ac70c581d1745) Importer(815301076,1909f56bfc062723c751e8b465ee728b)
Start importing Assets/PolygonStarter/Models/SM_Bean_Cowboy_01.fbx using Guid(477c3a0d92aa1424db2ac70c581d1745) Importer(815301076,1909f56bfc062723c751e8b465ee728b)  -> (artifact id: '3f28b67cc43472d16b7317c4203c4c41') in 0.017286 seconds 
========================================================================
Received Import Request.
  Time since last request: 0.000246 seconds.
  path: Assets/PolygonStarter/Models/SM_Generic_Small_Rocks_05.fbx
  artifactKey: Guid(6055577e4f794be4fb975210c267ebef) Importer(815301076,1909f56bfc062723c751e8b465ee728b)
Start importing Assets/PolygonStarter/Models/SM_Generic_Small_Rocks_05.fbx using Guid(6055577e4f794be4fb975210c267ebef) Importer(815301076,1909f56bfc062723c751e8b465ee728b)  -> (artifact id: '7f957b934008d5e4858c2c8d3ed8c04d') in 0.017135 seconds 
========================================================================
Received Import Request.
  Time since last request: 0.000231 seconds.
  path: Assets/PolygonStarter/Models/SM_Bean_Cop_01.fbx
  artifactKey: Guid(c89a73caf26194948b5a891401eaf18e) Importer(815301076,1909f56bfc062723c751e8b465ee728b)
Start importing Assets/PolygonStarter/Models/SM_Bean_Cop_01.fbx using Guid(c89a73caf26194948b5a891401eaf18e) Importer(815301076,1909f56bfc062723c751e8b465ee728b)  -> (artifact id: 'f123ada2f51ab7fec8ca7dc9be8f61e9') in 0.015544 seconds 
========================================================================
Received Import Request.
  Time since last request: 0.000306 seconds.
  path: Assets/PolygonStarter/Models/SM_PolygonPrototype_Icon_Coin_01.fbx
  artifactKey: Guid(b00a06e965af79a4c917d2b450d64c54) Importer(815301076,1909f56bfc062723c751e8b465ee728b)
Start importing Assets/PolygonStarter/Models/SM_PolygonPrototype_Icon_Coin_01.fbx using Guid(b00a06e965af79a4c917d2b450d64c54) Importer(815301076,1909f56bfc062723c751e8b465ee728b)  -> (artifact id: 'ea3aaef3c91ab0e64751932a7c0e54a7') in 0.016136 seconds 
========================================================================
Received Import Request.
  Time since last request: 0.000237 seconds.
  path: Assets/PolygonStarter/Models/SM_PolygonPrototype_Buildings_Block_1x1_01P.fbx
  artifactKey: Guid(6b3e08b19a8a5bc42aca2b30611da807) Importer(815301076,1909f56bfc062723c751e8b465ee728b)
Start importing Assets/PolygonStarter/Models/SM_PolygonPrototype_Buildings_Block_1x1_01P.fbx using Guid(6b3e08b19a8a5bc42aca2b30611da807) Importer(815301076,1909f56bfc062723c751e8b465ee728b)  -> (artifact id: '2067ad313ce58be49e5a2f8bdd5eceb1') in 0.015506 seconds 
========================================================================
Received Import Request.
  Time since last request: 0.000236 seconds.
  path: Assets/PolygonStarter/Models/SM_PolygonPrototype_Buildings_WallWindow_2x3_01P.fbx
  artifactKey: Guid(6be28cf95702ed2459d89932f1370fab) Importer(815301076,1909f56bfc062723c751e8b465ee728b)
Start importing Assets/PolygonStarter/Models/SM_PolygonPrototype_Buildings_WallWindow_2x3_01P.fbx using Guid(6be28cf95702ed2459d89932f1370fab) Importer(815301076,1909f56bfc062723c751e8b465ee728b)  -> (artifact id: '696b7a9e198954b6b7503fddb07f8711') in 0.015976 seconds 
========================================================================
Received Import Request.
  Time since last request: 0.000203 seconds.
  path: Assets/PolygonStarter/Models/SM_Bld_Door_01.fbx
  artifactKey: Guid(09581238a7eee2a448621efbc36abb72) Importer(815301076,1909f56bfc062723c751e8b465ee728b)
Start importing Assets/PolygonStarter/Models/SM_Bld_Door_01.fbx using Guid(09581238a7eee2a448621efbc36abb72) Importer(815301076,1909f56bfc062723c751e8b465ee728b)  -> (artifact id: 'f50d35a71d54b921a5e27e7ba5334708') in 0.014683 seconds 
========================================================================
Received Import Request.
  Time since last request: 0.000279 seconds.
  path: Assets/PolygonStarter/Models/SM_PolygonPrototype_Buildings_Ramp_45_1x1_01P.fbx
  artifactKey: Guid(7e4cace35ee41bc41870fd214b6609e2) Importer(815301076,1909f56bfc062723c751e8b465ee728b)
Start importing Assets/PolygonStarter/Models/SM_PolygonPrototype_Buildings_Ramp_45_1x1_01P.fbx using Guid(7e4cace35ee41bc41870fd214b6609e2) Importer(815301076,1909f56bfc062723c751e8b465ee728b)  -> (artifact id: '7afe9b65430e2b4ca430af02899da66b') in 0.018030 seconds 
========================================================================
Received Import Request.
  Time since last request: 0.000269 seconds.
  path: Assets/PolygonStarter/Models/SM_Generic_Ground_03.fbx
  artifactKey: Guid(7cf8232403ff6a14483511b1d83ccf1a) Importer(815301076,1909f56bfc062723c751e8b465ee728b)
Start importing Assets/PolygonStarter/Models/SM_Generic_Ground_03.fbx using Guid(7cf8232403ff6a14483511b1d83ccf1a) Importer(815301076,1909f56bfc062723c751e8b465ee728b)  -> (artifact id: '9e7a408eb46499a647014208d5dc2f12') in 0.015208 seconds 
========================================================================
Received Import Request.
  Time since last request: 0.000284 seconds.
  path: Assets/PolygonStarter/Models/SM_PolygonPrototype_Buildings_WallDoor_2x3_01P.fbx
  artifactKey: Guid(582c0251609fe624a98b3de23a6e89da) Importer(815301076,1909f56bfc062723c751e8b465ee728b)
Start importing Assets/PolygonStarter/Models/SM_PolygonPrototype_Buildings_WallDoor_2x3_01P.fbx using Guid(582c0251609fe624a98b3de23a6e89da) Importer(815301076,1909f56bfc062723c751e8b465ee728b)  -> (artifact id: '0a5bc4e513de39442683dc437d51de19') in 0.015575 seconds 
========================================================================
Received Import Request.
  Time since last request: 0.000308 seconds.
  path: Assets/PolygonStarter/Models/SM_Generic_TreeDead_01.fbx
  artifactKey: Guid(996ce56108cedf54681396d4595224f5) Importer(815301076,1909f56bfc062723c751e8b465ee728b)
Start importing Assets/PolygonStarter/Models/SM_Generic_TreeDead_01.fbx using Guid(996ce56108cedf54681396d4595224f5) Importer(815301076,1909f56bfc062723c751e8b465ee728b)  -> (artifact id: '02a4981152d622ff277055ade9df0b59') in 0.015197 seconds 
========================================================================
Received Import Request.
  Time since last request: 0.000235 seconds.
  path: Assets/PolygonStarter/Models/SM_PolygonPrototype_Buildings_Stairs_1x1_01P.fbx
  artifactKey: Guid(863c2e4bd290d4344bfa0c76e862a0cf) Importer(815301076,1909f56bfc062723c751e8b465ee728b)
Start importing Assets/PolygonStarter/Models/SM_PolygonPrototype_Buildings_Stairs_1x1_01P.fbx using Guid(863c2e4bd290d4344bfa0c76e862a0cf) Importer(815301076,1909f56bfc062723c751e8b465ee728b)  -> (artifact id: '65d05ce7bfb054ef26a1b4ddf30d7772') in 0.018217 seconds 
========================================================================
Received Import Request.
  Time since last request: 0.000188 seconds.
  path: Assets/PolygonStarter/Models/SM_PolygonPrototype_Icon_Arrow_Small_01.fbx
  artifactKey: Guid(b9979013b18adc147ac208c3520b982e) Importer(815301076,1909f56bfc062723c751e8b465ee728b)
Start importing Assets/PolygonStarter/Models/SM_PolygonPrototype_Icon_Arrow_Small_01.fbx using Guid(b9979013b18adc147ac208c3520b982e) Importer(815301076,1909f56bfc062723c751e8b465ee728b)  -> (artifact id: '3e14686936ce5dcee0c9c3b1f46d4445') in 0.016038 seconds 
========================================================================
Received Import Request.
  Time since last request: 0.000268 seconds.
  path: Assets/PolygonStarter/Models/SM_Generic_Ground_02.fbx
  artifactKey: Guid(52eab9b1dd1fdf34c932b634c4514ccc) Importer(815301076,1909f56bfc062723c751e8b465ee728b)
Start importing Assets/PolygonStarter/Models/SM_Generic_Ground_02.fbx using Guid(52eab9b1dd1fdf34c932b634c4514ccc) Importer(815301076,1909f56bfc062723c751e8b465ee728b)  -> (artifact id: 'a01549d41c0d01851cd0788733462628') in 0.015236 seconds 
========================================================================
Received Import Request.
  Time since last request: 0.000318 seconds.
  path: Assets/PolygonStarter/Models/SM_Generic_Ground_04.fbx
  artifactKey: Guid(059e0382b8bc85645b4bbd4b98bb90c0) Importer(815301076,1909f56bfc062723c751e8b465ee728b)
Start importing Assets/PolygonStarter/Models/SM_Generic_Ground_04.fbx using Guid(059e0382b8bc85645b4bbd4b98bb90c0) Importer(815301076,1909f56bfc062723c751e8b465ee728b)  -> (artifact id: '737ae0d88b2e50c3312eb6b44d2e1849') in 0.018581 seconds 
========================================================================
Received Import Request.
  Time since last request: 0.000274 seconds.
  path: Assets/PolygonStarter/Models/SM_Generic_Tree_02.fbx
  artifactKey: Guid(52e489a7682e53e4fbbd56a5eab52da6) Importer(815301076,1909f56bfc062723c751e8b465ee728b)
Start importing Assets/PolygonStarter/Models/SM_Generic_Tree_02.fbx using Guid(52e489a7682e53e4fbbd56a5eab52da6) Importer(815301076,1909f56bfc062723c751e8b465ee728b)  -> (artifact id: '6d9f489efb9cb3e91966e9644d0559de') in 0.018022 seconds 
========================================================================
Received Import Request.
  Time since last request: 0.000277 seconds.
  path: Assets/PolygonStarter/Models/SM_PolygonPrototype_Buildings_Column_2x3_01P.fbx
  artifactKey: Guid(0d85decc1128f9c408b485218f4131e3) Importer(815301076,1909f56bfc062723c751e8b465ee728b)
Start importing Assets/PolygonStarter/Models/SM_PolygonPrototype_Buildings_Column_2x3_01P.fbx using Guid(0d85decc1128f9c408b485218f4131e3) Importer(815301076,1909f56bfc062723c751e8b465ee728b)  -> (artifact id: 'ac9eed845ac5b8e75ec17125543a811f') in 0.017152 seconds 
========================================================================
Received Import Request.
  Time since last request: 0.000421 seconds.
  path: Assets/PolygonStarter/Models/SM_Generic_Tree_04.fbx
  artifactKey: Guid(0b35305b613e7904395698641c0150cc) Importer(815301076,1909f56bfc062723c751e8b465ee728b)
Start importing Assets/PolygonStarter/Models/SM_Generic_Tree_04.fbx using Guid(0b35305b613e7904395698641c0150cc) Importer(815301076,1909f56bfc062723c751e8b465ee728b)  -> (artifact id: '0f61109bc2e55e080d24fd886b08950a') in 0.017536 seconds 
========================================================================
Received Import Request.
  Time since last request: 0.000253 seconds.
  path: Assets/PolygonStarter/Models/SM_Generic_CloudRing_01.fbx
  artifactKey: Guid(c46fa2dcdad10a34d9cfcf6eaee6c3ed) Importer(815301076,1909f56bfc062723c751e8b465ee728b)
Start importing Assets/PolygonStarter/Models/SM_Generic_CloudRing_01.fbx using Guid(c46fa2dcdad10a34d9cfcf6eaee6c3ed) Importer(815301076,1909f56bfc062723c751e8b465ee728b)  -> (artifact id: '482cb8aee8038652635db3673450fcf3') in 0.017714 seconds 
========================================================================
Received Import Request.
  Time since last request: 0.000277 seconds.
  path: Assets/PolygonStarter/Models/SM_PolygonPrototype_Buildings_DoorFrame_01P.fbx
  artifactKey: Guid(7ce54f0ead747e44e8ca2778de346dd6) Importer(815301076,1909f56bfc062723c751e8b465ee728b)
Start importing Assets/PolygonStarter/Models/SM_PolygonPrototype_Buildings_DoorFrame_01P.fbx using Guid(7ce54f0ead747e44e8ca2778de346dd6) Importer(815301076,1909f56bfc062723c751e8b465ee728b)  -> (artifact id: '1c7cafc848ca5f60f6ff3321108d45bc') in 0.016719 seconds 
========================================================================
Received Import Request.
  Time since last request: 0.000318 seconds.
  path: Assets/PolygonStarter/Models/SM_PolygonPrototype_Buildings_Floor_1x1_01P.fbx
  artifactKey: Guid(efecce0669e04d14aada7871935a434d) Importer(815301076,1909f56bfc062723c751e8b465ee728b)
Start importing Assets/PolygonStarter/Models/SM_PolygonPrototype_Buildings_Floor_1x1_01P.fbx using Guid(efecce0669e04d14aada7871935a434d) Importer(815301076,1909f56bfc062723c751e8b465ee728b)  -> (artifact id: '70754eca37d4cc084ec8221d5d70f343') in 0.016047 seconds 
========================================================================
Received Import Request.
  Time since last request: 0.000277 seconds.
  path: Assets/PolygonStarter/Models/SM_Generic_Small_Rocks_03.fbx
  artifactKey: Guid(a47f9d37300bbb645b151db3524e65a5) Importer(815301076,1909f56bfc062723c751e8b465ee728b)
Start importing Assets/PolygonStarter/Models/SM_Generic_Small_Rocks_03.fbx using Guid(a47f9d37300bbb645b151db3524e65a5) Importer(815301076,1909f56bfc062723c751e8b465ee728b)  -> (artifact id: '26f10d43ee30516051d6a605ffa6e538') in 0.016637 seconds 
========================================================================
Received Import Request.
  Time since last request: 0.000225 seconds.
  path: Assets/PolygonStarter/Models/SM_PolygonPrototype_Buildings_Stairs_1x3_01P.fbx
  artifactKey: Guid(4d167806285be1145935ba43ca5996fd) Importer(815301076,1909f56bfc062723c751e8b465ee728b)
Start importing Assets/PolygonStarter/Models/SM_PolygonPrototype_Buildings_Stairs_1x3_01P.fbx using Guid(4d167806285be1145935ba43ca5996fd) Importer(815301076,1909f56bfc062723c751e8b465ee728b)  -> (artifact id: 'd73e827697fd66ba67a799ae51d62e15') in 0.014686 seconds 
========================================================================
Received Import Request.
  Time since last request: 0.000286 seconds.
  path: Assets/PolygonStarter/Models/SM_PolygonPrototype_Primitive_Cone_01P.fbx
  artifactKey: Guid(8d1a2ae25a118b4489e87176fcf3bbf9) Importer(815301076,1909f56bfc062723c751e8b465ee728b)
Start importing Assets/PolygonStarter/Models/SM_PolygonPrototype_Primitive_Cone_01P.fbx using Guid(8d1a2ae25a118b4489e87176fcf3bbf9) Importer(815301076,1909f56bfc062723c751e8b465ee728b)  -> (artifact id: 'bb9379cdbc83ae2459ccecc02f33c288') in 0.016118 seconds 
========================================================================
Received Import Request.
  Time since last request: 0.000286 seconds.
  path: Assets/PolygonStarter/Models/SM_PolygonApocalypse_Bld_House_01.fbx
  artifactKey: Guid(373fc854d939a1346a2f460d917cad73) Importer(815301076,1909f56bfc062723c751e8b465ee728b)
Start importing Assets/PolygonStarter/Models/SM_PolygonApocalypse_Bld_House_01.fbx using Guid(373fc854d939a1346a2f460d917cad73) Importer(815301076,1909f56bfc062723c751e8b465ee728b)  -> (artifact id: 'b99c31ee626cf11a7903fbc92859346f') in 0.018006 seconds 
========================================================================
Received Import Request.
  Time since last request: 0.000245 seconds.
  path: Assets/PolygonStarter/Models/SM_Generic_Small_Rocks_02.fbx
  artifactKey: Guid(ac743e4b145f4b944a5d2b6b26fea45b) Importer(815301076,1909f56bfc062723c751e8b465ee728b)
Start importing Assets/PolygonStarter/Models/SM_Generic_Small_Rocks_02.fbx using Guid(ac743e4b145f4b944a5d2b6b26fea45b) Importer(815301076,1909f56bfc062723c751e8b465ee728b)  -> (artifact id: '950d971381bc758645fd98287274569b') in 0.017183 seconds 
========================================================================
Received Prepare
Registering precompiled user dll's ...
Registered in 0.002942 seconds.
Begin MonoManager ReloadAssembly
Native extension for WindowsStandalone target not found
Refreshing native plugins compatible for Editor in 0.54 ms, found 2 plugins.
Preloading 0 native plugins for Editor in 0.00 ms.
Mono: successfully reloaded assembly
- Completed reload, in  1.049 seconds
Domain Reload Profiling:
	ReloadAssembly (1050ms)
		BeginReloadAssembly (133ms)
			ExecutionOrderSort (0ms)
			DisableScriptedObjects (6ms)
			BackupInstance (0ms)
			ReleaseScriptingObjects (0ms)
			CreateAndSetChildDomain (37ms)
		EndReloadAssembly (864ms)
			LoadAssemblies (92ms)
			RebuildTransferFunctionScriptingTraits (0ms)
			SetupTypeCache (281ms)
			ReleaseScriptCaches (1ms)
			RebuildScriptCaches (42ms)
			SetupLoadedEditorAssemblies (317ms)
				LogAssemblyErrors (0ms)
				InitializePlatformSupportModulesInManaged (3ms)
				SetLoadedEditorAssemblies (0ms)
				RefreshPlugins (1ms)
				BeforeProcessingInitializeOnLoad (81ms)
				ProcessInitializeOnLoadAttributes (218ms)
				ProcessInitializeOnLoadMethodAttributes (8ms)
				AfterProcessingInitializeOnLoad (5ms)
				EditorAssembliesLoaded (0ms)
			ExecutionOrderSort2 (0ms)
			AwakeInstancesAfterBackupRestoration (16ms)
Platform modules already initialized, skipping
Switching build target platform(19) subTarget(0) extendedPlatform(0) -> platform(13) subTarget(537395200) extendedPlatform(0)
Refreshing native plugins compatible for Editor in 0.49 ms, found 2 plugins.
Preloading 0 native plugins for Editor in 0.00 ms.
Unloading 3047 Unused Serialized files (Serialized files now loaded: 0)
System memory in use before: 149.5 MB.
System memory in use after: 149.7 MB.

Unloading 13 unused Assets to reduce memory usage. Loaded Objects now: 3646.
Total: 2.961100 ms (FindLiveObjects: 0.217700 ms CreateObjectMapping: 0.160900 ms MarkObjects: 2.565200 ms  DeleteObjects: 0.016600 ms)

AssetImportParameters requested are different than current active one (requested -> active):
  custom:framework-win-MediaFoundation: 216162199b28c13a410421893ffa2e32 -> 
  custom:video-decoder-ogg-theora: a1e56fd34408186e4bbccfd4996cb3dc -> 
  custom:container-muxer-webm: aa71ff27fc2769a1b78a27578f13a17b -> 
  custom:container-demuxer-webm: 4f35f7cbe854078d1ac9338744f61a02 -> 
  custom:container-demuxer-ogg: 62fdf1f143b41e24485cea50d1cbac27 -> 
  custom:video-encoder-webm-vp8: eb34c28f22e8b96e1ab97ce403110664 -> 
  custom:video-decoder-webm-vp8: 9c59270c3fd7afecdb556c50c9e8de78 -> 
  custom:graphics/normal-map-encoding: 01000000000000000000000000000000 -> 02000000000000000000000000000000
  custom:audio-decoder-ogg-vorbis: bf7c407c2cedff20999df2af8eb42d56 -> 
  custom:audio-encoder-webm-vorbis: bf7c407c2cedff20999df2af8eb42d56 -> 
========================================================================
Received Prepare
Registering precompiled user dll's ...
Registered in 0.002971 seconds.
Begin MonoManager ReloadAssembly
Native extension for WindowsStandalone target not found
Refreshing native plugins compatible for Editor in 0.54 ms, found 2 plugins.
Preloading 0 native plugins for Editor in 0.00 ms.
Mono: successfully reloaded assembly
- Completed reload, in  1.037 seconds
Domain Reload Profiling:
	ReloadAssembly (1038ms)
		BeginReloadAssembly (116ms)
			ExecutionOrderSort (0ms)
			DisableScriptedObjects (4ms)
			BackupInstance (0ms)
			ReleaseScriptingObjects (0ms)
			CreateAndSetChildDomain (34ms)
		EndReloadAssembly (870ms)
			LoadAssemblies (93ms)
			RebuildTransferFunctionScriptingTraits (0ms)
			SetupTypeCache (280ms)
			ReleaseScriptCaches (1ms)
			RebuildScriptCaches (42ms)
			SetupLoadedEditorAssemblies (318ms)
				LogAssemblyErrors (0ms)
				InitializePlatformSupportModulesInManaged (3ms)
				SetLoadedEditorAssemblies (0ms)
				RefreshPlugins (1ms)
				BeforeProcessingInitializeOnLoad (84ms)
				ProcessInitializeOnLoadAttributes (215ms)
				ProcessInitializeOnLoadMethodAttributes (9ms)
				AfterProcessingInitializeOnLoad (5ms)
				EditorAssembliesLoaded (0ms)
			ExecutionOrderSort2 (0ms)
			AwakeInstancesAfterBackupRestoration (14ms)
Platform modules already initialized, skipping
Switching build target platform(19) subTarget(0) extendedPlatform(0) -> platform(13) subTarget(537395200) extendedPlatform(0)
Refreshing native plugins compatible for Editor in 0.50 ms, found 2 plugins.
Preloading 0 native plugins for Editor in 0.00 ms.
Unloading 3047 Unused Serialized files (Serialized files now loaded: 0)
System memory in use before: 149.5 MB.
System memory in use after: 149.8 MB.

Unloading 13 unused Assets to reduce memory usage. Loaded Objects now: 3648.
Total: 2.911600 ms (FindLiveObjects: 0.225100 ms CreateObjectMapping: 0.144700 ms MarkObjects: 2.523300 ms  DeleteObjects: 0.017900 ms)

AssetImportParameters requested are different than current active one (requested -> active):
  custom:framework-win-MediaFoundation: 216162199b28c13a410421893ffa2e32 -> 
  custom:video-decoder-ogg-theora: a1e56fd34408186e4bbccfd4996cb3dc -> 
  custom:container-muxer-webm: aa71ff27fc2769a1b78a27578f13a17b -> 
  custom:container-demuxer-webm: 4f35f7cbe854078d1ac9338744f61a02 -> 
  custom:container-demuxer-ogg: 62fdf1f143b41e24485cea50d1cbac27 -> 
  custom:video-encoder-webm-vp8: eb34c28f22e8b96e1ab97ce403110664 -> 
  custom:video-decoder-webm-vp8: 9c59270c3fd7afecdb556c50c9e8de78 -> 
  custom:graphics/normal-map-encoding: 01000000000000000000000000000000 -> 02000000000000000000000000000000
  custom:audio-decoder-ogg-vorbis: bf7c407c2cedff20999df2af8eb42d56 -> 
  custom:audio-encoder-webm-vorbis: bf7c407c2cedff20999df2af8eb42d56 -> 
========================================================================
Received Import Request.
  Time since last request: 190.804932 seconds.
  path: Assets/Prefabs
  artifactKey: Guid(c954ee202d20f0449b8d386250965179) Importer(815301076,1909f56bfc062723c751e8b465ee728b)
Start importing Assets/Prefabs using Guid(c954ee202d20f0449b8d386250965179) Importer(815301076,1909f56bfc062723c751e8b465ee728b)  -> (artifact id: '170fe45181487ce319c8c290d45f7e2c') in 0.005070 seconds 
========================================================================
Received Import Request.
  Time since last request: 0.053038 seconds.
  path: Assets/Prefabs/EndScene.prefab
  artifactKey: Guid(f8da447937dd9ef4b80ba8a453360ec9) Importer(815301076,1909f56bfc062723c751e8b465ee728b)
Start importing Assets/Prefabs/EndScene.prefab using Guid(f8da447937dd9ef4b80ba8a453360ec9) Importer(815301076,1909f56bfc062723c751e8b465ee728b)  -> (artifact id: '05ded2c0753e77dc0fd302c08a2f95cd') in 0.160322 seconds 
========================================================================
Received Import Request.
  Time since last request: 0.000193 seconds.
  path: Assets/Prefabs/FightingScene.prefab
  artifactKey: Guid(8786285cbbe95eb4188801dd2ec80f55) Importer(815301076,1909f56bfc062723c751e8b465ee728b)
Start importing Assets/Prefabs/FightingScene.prefab using Guid(8786285cbbe95eb4188801dd2ec80f55) Importer(815301076,1909f56bfc062723c751e8b465ee728b)  -> (artifact id: '1b887277cd4ca1d68d379d6305d43ccc') in 0.023405 seconds 
========================================================================
Received Import Request.
  Time since last request: 0.000220 seconds.
  path: Assets/Prefabs/EnemyModelRag.prefab
  artifactKey: Guid(4241c04492a55f34c9a071a6a88fdd7f) Importer(815301076,1909f56bfc062723c751e8b465ee728b)
Start importing Assets/Prefabs/EnemyModelRag.prefab using Guid(4241c04492a55f34c9a071a6a88fdd7f) Importer(815301076,1909f56bfc062723c751e8b465ee728b)  -> (artifact id: '0ef76086048ea1f0bbf5f4f3a125ba02') in 0.016995 seconds 
========================================================================
Received Import Request.
  Time since last request: 0.000268 seconds.
  path: Assets/Prefabs/PlayerBox.prefab
  artifactKey: Guid(0fd3059c7f6241f4dbecccc0cda3ed4c) Importer(815301076,1909f56bfc062723c751e8b465ee728b)
Start importing Assets/Prefabs/PlayerBox.prefab using Guid(0fd3059c7f6241f4dbecccc0cda3ed4c) Importer(815301076,1909f56bfc062723c751e8b465ee728b)  -> (artifact id: 'ad28c25623355cd8a05699785d3daec3') in 0.021713 seconds 
========================================================================
Received Import Request.
  Time since last request: 0.000175 seconds.
  path: Assets/Prefabs/Projectile.prefab
  artifactKey: Guid(aa3148cc22e97ef4288fd6026b760ca9) Importer(815301076,1909f56bfc062723c751e8b465ee728b)
Start importing Assets/Prefabs/Projectile.prefab using Guid(aa3148cc22e97ef4288fd6026b760ca9) Importer(815301076,1909f56bfc062723c751e8b465ee728b)  -> (artifact id: '2d8175c8157c2d88f02d03d060c7c274') in 0.014639 seconds 
========================================================================
Received Import Request.
  Time since last request: 0.000302 seconds.
  path: Assets/Prefabs/StartScene.prefab
  artifactKey: Guid(bbbdbfcfce681e7408f42955921d2d34) Importer(815301076,1909f56bfc062723c751e8b465ee728b)
Start importing Assets/Prefabs/StartScene.prefab using Guid(bbbdbfcfce681e7408f42955921d2d34) Importer(815301076,1909f56bfc062723c751e8b465ee728b)  -> (artifact id: '83a2aae1a3ff0690c669a286f5d6cbcb') in 0.004986 seconds 
========================================================================
Received Prepare
Registering precompiled user dll's ...
Registered in 0.003430 seconds.
Begin MonoManager ReloadAssembly
Native extension for WindowsStandalone target not found
Refreshing native plugins compatible for Editor in 0.51 ms, found 2 plugins.
Preloading 0 native plugins for Editor in 0.00 ms.
Mono: successfully reloaded assembly
- Completed reload, in  1.033 seconds
Domain Reload Profiling:
	ReloadAssembly (1034ms)
		BeginReloadAssembly (113ms)
			ExecutionOrderSort (0ms)
			DisableScriptedObjects (6ms)
			BackupInstance (0ms)
			ReleaseScriptingObjects (0ms)
			CreateAndSetChildDomain (35ms)
		EndReloadAssembly (867ms)
			LoadAssemblies (91ms)
			RebuildTransferFunctionScriptingTraits (0ms)
			SetupTypeCache (269ms)
			ReleaseScriptCaches (1ms)
			RebuildScriptCaches (43ms)
			SetupLoadedEditorAssemblies (323ms)
				LogAssemblyErrors (0ms)
				InitializePlatformSupportModulesInManaged (3ms)
				SetLoadedEditorAssemblies (0ms)
				RefreshPlugins (1ms)
				BeforeProcessingInitializeOnLoad (83ms)
				ProcessInitializeOnLoadAttributes (222ms)
				ProcessInitializeOnLoadMethodAttributes (8ms)
				AfterProcessingInitializeOnLoad (5ms)
				EditorAssembliesLoaded (0ms)
			ExecutionOrderSort2 (0ms)
			AwakeInstancesAfterBackupRestoration (16ms)
Platform modules already initialized, skipping
Switching build target platform(19) subTarget(0) extendedPlatform(0) -> platform(13) subTarget(537395200) extendedPlatform(0)
Refreshing native plugins compatible for Editor in 0.50 ms, found 2 plugins.
Preloading 0 native plugins for Editor in 0.00 ms.
Unloading 3047 Unused Serialized files (Serialized files now loaded: 0)
System memory in use before: 150.4 MB.
System memory in use after: 150.6 MB.

Unloading 16 unused Assets to reduce memory usage. Loaded Objects now: 3686.
Total: 4.114400 ms (FindLiveObjects: 0.257200 ms CreateObjectMapping: 0.165000 ms MarkObjects: 3.641600 ms  DeleteObjects: 0.049800 ms)

AssetImportParameters requested are different than current active one (requested -> active):
  custom:framework-win-MediaFoundation: 216162199b28c13a410421893ffa2e32 -> 
  custom:video-decoder-ogg-theora: a1e56fd34408186e4bbccfd4996cb3dc -> 
  custom:container-muxer-webm: aa71ff27fc2769a1b78a27578f13a17b -> 
  custom:container-demuxer-webm: 4f35f7cbe854078d1ac9338744f61a02 -> 
  custom:container-demuxer-ogg: 62fdf1f143b41e24485cea50d1cbac27 -> 
  custom:video-encoder-webm-vp8: eb34c28f22e8b96e1ab97ce403110664 -> 
  custom:video-decoder-webm-vp8: 9c59270c3fd7afecdb556c50c9e8de78 -> 
  custom:graphics/normal-map-encoding: 01000000000000000000000000000000 -> 02000000000000000000000000000000
  custom:audio-decoder-ogg-vorbis: bf7c407c2cedff20999df2af8eb42d56 -> 
  custom:audio-encoder-webm-vorbis: bf7c407c2cedff20999df2af8eb42d56 -> 
========================================================================
Received Import Request.
  Time since last request: 112.090878 seconds.
  path: Assets/Prefabs/Box.prefab
  artifactKey: Guid(e9776cf85ef1ffd4cb686ee477a0f41c) Importer(815301076,1909f56bfc062723c751e8b465ee728b)
Start importing Assets/Prefabs/Box.prefab using Guid(e9776cf85ef1ffd4cb686ee477a0f41c) Importer(815301076,1909f56bfc062723c751e8b465ee728b)  -> (artifact id: '563812f4c936e90fa597e097affbc8c3') in 0.147726 seconds 
AssetImportWorkerClient::OnTransportError - code=2 error=End of file
